<?xml version="1.0" encoding="UTF-8"?>
<testsuites>
   <testsuite name="tests" tests="122" id="1" package="" time="0.015" hostname="CONQUEROR" timestamp="2021-11-10T11:28:03" failures="15" errors="0">
      <properties/>
      <testcase name="TestSuite_Account_hxx_ffd0069e::test_Account_1" classname="ATM/tests/autogenerated/ATM/include.TestSuite_Account_hxx_ffd0069e" time="0.000"/>
      <testcase name="TestSuite_Account_hxx_ffd0069e::test_Account_2" classname="ATM/tests/autogenerated/ATM/include.TestSuite_Account_hxx_ffd0069e" time="0.000"/>
      <testcase name="TestSuite_Account_hxx_ffd0069e::test_Account_3" classname="ATM/tests/autogenerated/ATM/include.TestSuite_Account_hxx_ffd0069e" time="0.000"/>
      <testcase name="TestSuite_Account_hxx_ffd0069e::test_Account_4" classname="ATM/tests/autogenerated/ATM/include.TestSuite_Account_hxx_ffd0069e" time="0.000"/>
      <testcase name="TestSuite_Account_hxx_ffd0069e::test_Account_5" classname="ATM/tests/autogenerated/ATM/include.TestSuite_Account_hxx_ffd0069e" time="0.000"/>
      <testcase name="TestSuite_Account_hxx_ffd0069e::test_Account_6" classname="ATM/tests/autogenerated/ATM/include.TestSuite_Account_hxx_ffd0069e" time="0.001"/>
      <testcase name="TestSuite_Account_hxx_ffd0069e::test_Account_7" classname="ATM/tests/autogenerated/ATM/include.TestSuite_Account_hxx_ffd0069e" time="0.000"/>
      <testcase name="TestSuite_Account_hxx_ffd0069e::test_Account_8" classname="ATM/tests/autogenerated/ATM/include.TestSuite_Account_hxx_ffd0069e" time="0.000"/>
      <testcase name="TestSuite_Account_hxx_ffd0069e::test_getAccountNumber_1" classname="ATM/tests/autogenerated/ATM/include.TestSuite_Account_hxx_ffd0069e" time="0.000"/>
      <testcase name="TestSuite_Account_hxx_ffd0069e::test_getAccountNumber_2" classname="ATM/tests/autogenerated/ATM/include.TestSuite_Account_hxx_ffd0069e" time="0.000"/>
      <testcase name="TestSuite_Account_hxx_ffd0069e::test_getAccountNumber_3" classname="ATM/tests/autogenerated/ATM/include.TestSuite_Account_hxx_ffd0069e" time="0.000"/>
      <testcase name="TestSuite_Account_hxx_ffd0069e::test_getAccountNumber_4" classname="ATM/tests/autogenerated/ATM/include.TestSuite_Account_hxx_ffd0069e" time="0.000"/>
      <testcase name="TestSuite_Account_hxx_ffd0069e::test_getAccountNumber_5" classname="ATM/tests/autogenerated/ATM/include.TestSuite_Account_hxx_ffd0069e" time="0.000"/>
      <testcase name="TestSuite_Account_hxx_ffd0069e::test_getAccountNumber_6" classname="ATM/tests/autogenerated/ATM/include.TestSuite_Account_hxx_ffd0069e" time="0.000"/>
      <testcase name="TestSuite_Account_hxx_ffd0069e::test_getAccountNumber_7" classname="ATM/tests/autogenerated/ATM/include.TestSuite_Account_hxx_ffd0069e" time="0.000"/>
      <testcase name="TestSuite_Account_hxx_ffd0069e::test_getAccountNumber_8" classname="ATM/tests/autogenerated/ATM/include.TestSuite_Account_hxx_ffd0069e" time="0.001"/>
      <testcase name="TestSuite_Account_hxx_ffd0069e::test_getBalance_1" classname="ATM/tests/autogenerated/ATM/include.TestSuite_Account_hxx_ffd0069e" time="0.000"/>
      <testcase name="TestSuite_Account_hxx_ffd0069e::test_getBalance_2" classname="ATM/tests/autogenerated/ATM/include.TestSuite_Account_hxx_ffd0069e" time="0.000"/>
      <testcase name="TestSuite_Account_hxx_ffd0069e::test_getBalance_3" classname="ATM/tests/autogenerated/ATM/include.TestSuite_Account_hxx_ffd0069e" time="0.000"/>
      <testcase name="TestSuite_Account_hxx_ffd0069e::test_getBalance_4" classname="ATM/tests/autogenerated/ATM/include.TestSuite_Account_hxx_ffd0069e" time="0.000"/>
      <testcase name="TestSuite_Account_hxx_ffd0069e::test_getBalance_5" classname="ATM/tests/autogenerated/ATM/include.TestSuite_Account_hxx_ffd0069e" time="0.000"/>
      <testcase name="TestSuite_Account_hxx_ffd0069e::test_getBalance_6" classname="ATM/tests/autogenerated/ATM/include.TestSuite_Account_hxx_ffd0069e" time="0.000"/>
      <testcase name="TestSuite_Account_hxx_ffd0069e::test_getBalance_7" classname="ATM/tests/autogenerated/ATM/include.TestSuite_Account_hxx_ffd0069e" time="0.000"/>
      <testcase name="TestSuite_Account_hxx_ffd0069e::test_getBalance_8" classname="ATM/tests/autogenerated/ATM/include.TestSuite_Account_hxx_ffd0069e" time="0.000"/>
      <testcase name="TestSuite_Account_hxx_ffd0069e::test_getPassword_1" classname="ATM/tests/autogenerated/ATM/include.TestSuite_Account_hxx_ffd0069e" time="0.001"/>
      <testcase name="TestSuite_Account_hxx_ffd0069e::test_getPassword_2" classname="ATM/tests/autogenerated/ATM/include.TestSuite_Account_hxx_ffd0069e" time="0.000"/>
      <testcase name="TestSuite_Account_hxx_ffd0069e::test_getPassword_3" classname="ATM/tests/autogenerated/ATM/include.TestSuite_Account_hxx_ffd0069e" time="0.000"/>
      <testcase name="TestSuite_Account_hxx_ffd0069e::test_getPassword_4" classname="ATM/tests/autogenerated/ATM/include.TestSuite_Account_hxx_ffd0069e" time="0.000"/>
      <testcase name="TestSuite_Account_hxx_ffd0069e::test_getPassword_5" classname="ATM/tests/autogenerated/ATM/include.TestSuite_Account_hxx_ffd0069e" time="0.000"/>
      <testcase name="TestSuite_Account_hxx_ffd0069e::test_getPassword_6" classname="ATM/tests/autogenerated/ATM/include.TestSuite_Account_hxx_ffd0069e" time="0.000"/>
      <testcase name="TestSuite_Account_hxx_ffd0069e::test_getPassword_7" classname="ATM/tests/autogenerated/ATM/include.TestSuite_Account_hxx_ffd0069e" time="0.000"/>
      <testcase name="TestSuite_Account_hxx_ffd0069e::test_getPassword_8" classname="ATM/tests/autogenerated/ATM/include.TestSuite_Account_hxx_ffd0069e" time="0.000"/>
      <testcase name="TestSuite_Account_hxx_ffd0069e::test_setAccountNumber_1" classname="ATM/tests/autogenerated/ATM/include.TestSuite_Account_hxx_ffd0069e" time="0.000"/>
      <testcase name="TestSuite_Account_hxx_ffd0069e::test_setAccountNumber_10" classname="ATM/tests/autogenerated/ATM/include.TestSuite_Account_hxx_ffd0069e" time="0.001"/>
      <testcase name="TestSuite_Account_hxx_ffd0069e::test_setAccountNumber_2" classname="ATM/tests/autogenerated/ATM/include.TestSuite_Account_hxx_ffd0069e" time="0.000"/>
      <testcase name="TestSuite_Account_hxx_ffd0069e::test_setAccountNumber_3" classname="ATM/tests/autogenerated/ATM/include.TestSuite_Account_hxx_ffd0069e" time="0.000"/>
      <testcase name="TestSuite_Account_hxx_ffd0069e::test_setAccountNumber_4" classname="ATM/tests/autogenerated/ATM/include.TestSuite_Account_hxx_ffd0069e" time="0.000"/>
      <testcase name="TestSuite_Account_hxx_ffd0069e::test_setAccountNumber_5" classname="ATM/tests/autogenerated/ATM/include.TestSuite_Account_hxx_ffd0069e" time="0.000"/>
      <testcase name="TestSuite_Account_hxx_ffd0069e::test_setAccountNumber_6" classname="ATM/tests/autogenerated/ATM/include.TestSuite_Account_hxx_ffd0069e" time="0.000"/>
      <testcase name="TestSuite_Account_hxx_ffd0069e::test_setAccountNumber_7" classname="ATM/tests/autogenerated/ATM/include.TestSuite_Account_hxx_ffd0069e" time="0.000"/>
      <testcase name="TestSuite_Account_hxx_ffd0069e::test_setAccountNumber_8" classname="ATM/tests/autogenerated/ATM/include.TestSuite_Account_hxx_ffd0069e" time="0.000"/>
      <testcase name="TestSuite_Account_hxx_ffd0069e::test_setAccountNumber_9" classname="ATM/tests/autogenerated/ATM/include.TestSuite_Account_hxx_ffd0069e" time="0.000"/>
      <testcase name="TestSuite_Account_hxx_ffd0069e::test_setPassword_1" classname="ATM/tests/autogenerated/ATM/include.TestSuite_Account_hxx_ffd0069e" time="0.000"/>
      <testcase name="TestSuite_Account_hxx_ffd0069e::test_setPassword_10" classname="ATM/tests/autogenerated/ATM/include.TestSuite_Account_hxx_ffd0069e" time="0.001">
         <failure type="Failure">
	Access violation exception [CPPTEST_ACCESS_VIOLATION]
	at /ATM/ATM/include/Account.hxx:37
	at /ATM/tests/autogenerated/ATM/include/TestSuite_Account_hxx.cpp:996
	at /ATM/tests/autogenerated/ATM/include/TestSuite_Account_hxx.cpp:57
	at /ATM/tests/autogenerated/ATM/include/TestSuite_Account_hxx.cpp:12</failure>
      </testcase>
      <testcase name="TestSuite_Account_hxx_ffd0069e::test_setPassword_2" classname="ATM/tests/autogenerated/ATM/include.TestSuite_Account_hxx_ffd0069e" time="0.000"/>
      <testcase name="TestSuite_Account_hxx_ffd0069e::test_setPassword_3" classname="ATM/tests/autogenerated/ATM/include.TestSuite_Account_hxx_ffd0069e" time="0.000"/>
      <testcase name="TestSuite_Account_hxx_ffd0069e::test_setPassword_4" classname="ATM/tests/autogenerated/ATM/include.TestSuite_Account_hxx_ffd0069e" time="0.000"/>
      <testcase name="TestSuite_Account_hxx_ffd0069e::test_setPassword_5" classname="ATM/tests/autogenerated/ATM/include.TestSuite_Account_hxx_ffd0069e" time="0.000"/>
      <testcase name="TestSuite_Account_hxx_ffd0069e::test_setPassword_6" classname="ATM/tests/autogenerated/ATM/include.TestSuite_Account_hxx_ffd0069e" time="0.000"/>
      <testcase name="TestSuite_Account_hxx_ffd0069e::test_setPassword_7" classname="ATM/tests/autogenerated/ATM/include.TestSuite_Account_hxx_ffd0069e" time="0.000"/>
      <testcase name="TestSuite_Account_hxx_ffd0069e::test_setPassword_8" classname="ATM/tests/autogenerated/ATM/include.TestSuite_Account_hxx_ffd0069e" time="0.000"/>
      <testcase name="TestSuite_Account_hxx_ffd0069e::test_setPassword_9" classname="ATM/tests/autogenerated/ATM/include.TestSuite_Account_hxx_ffd0069e" time="0.000">
         <failure type="Failure">
	Access violation exception [CPPTEST_ACCESS_VIOLATION]
	at /ATM/ATM/include/Account.hxx:37
	at /ATM/tests/autogenerated/ATM/include/TestSuite_Account_hxx.cpp:1161
	at /ATM/tests/autogenerated/ATM/include/TestSuite_Account_hxx.cpp:65
	at /ATM/tests/autogenerated/ATM/include/TestSuite_Account_hxx.cpp:12</failure>
      </testcase>
      <testcase name="TestSuite_BaseDisplay_hxx_c12e4f13::test_BaseDisplay_1" classname="ATM/tests/autogenerated/ATM/include.TestSuite_BaseDisplay_hxx_c12e4f13" time="0.000"/>
      <testcase name="TestSuite_BaseDisplay_hxx_c12e4f13::test_x7eBaseDisplay_1" classname="ATM/tests/autogenerated/ATM/include.TestSuite_BaseDisplay_hxx_c12e4f13" time="0.000"/>
      <testcase name="TestSuite_Account_cxx_6533e0ef::test_debit_1" classname="ATM/tests/autogenerated/ATM.TestSuite_Account_cxx_6533e0ef" time="0.000"/>
      <testcase name="TestSuite_Account_cxx_6533e0ef::test_debit_10" classname="ATM/tests/autogenerated/ATM.TestSuite_Account_cxx_6533e0ef" time="0.001"/>
      <testcase name="TestSuite_Account_cxx_6533e0ef::test_debit_2" classname="ATM/tests/autogenerated/ATM.TestSuite_Account_cxx_6533e0ef" time="0.000"/>
      <testcase name="TestSuite_Account_cxx_6533e0ef::test_debit_3" classname="ATM/tests/autogenerated/ATM.TestSuite_Account_cxx_6533e0ef" time="0.000"/>
      <testcase name="TestSuite_Account_cxx_6533e0ef::test_debit_4" classname="ATM/tests/autogenerated/ATM.TestSuite_Account_cxx_6533e0ef" time="0.000"/>
      <testcase name="TestSuite_Account_cxx_6533e0ef::test_debit_5" classname="ATM/tests/autogenerated/ATM.TestSuite_Account_cxx_6533e0ef" time="0.000"/>
      <testcase name="TestSuite_Account_cxx_6533e0ef::test_debit_6" classname="ATM/tests/autogenerated/ATM.TestSuite_Account_cxx_6533e0ef" time="0.000"/>
      <testcase name="TestSuite_Account_cxx_6533e0ef::test_debit_7" classname="ATM/tests/autogenerated/ATM.TestSuite_Account_cxx_6533e0ef" time="0.000"/>
      <testcase name="TestSuite_Account_cxx_6533e0ef::test_debit_8" classname="ATM/tests/autogenerated/ATM.TestSuite_Account_cxx_6533e0ef" time="0.000"/>
      <testcase name="TestSuite_Account_cxx_6533e0ef::test_debit_9" classname="ATM/tests/autogenerated/ATM.TestSuite_Account_cxx_6533e0ef" time="0.000"/>
      <testcase name="TestSuite_Account_cxx_6533e0ef::test_deposit_1" classname="ATM/tests/autogenerated/ATM.TestSuite_Account_cxx_6533e0ef" time="0.000"/>
      <testcase name="TestSuite_Account_cxx_6533e0ef::test_deposit_10" classname="ATM/tests/autogenerated/ATM.TestSuite_Account_cxx_6533e0ef" time="0.000"/>
      <testcase name="TestSuite_Account_cxx_6533e0ef::test_deposit_2" classname="ATM/tests/autogenerated/ATM.TestSuite_Account_cxx_6533e0ef" time="0.000"/>
      <testcase name="TestSuite_Account_cxx_6533e0ef::test_deposit_3" classname="ATM/tests/autogenerated/ATM.TestSuite_Account_cxx_6533e0ef" time="0.000"/>
      <testcase name="TestSuite_Account_cxx_6533e0ef::test_deposit_4" classname="ATM/tests/autogenerated/ATM.TestSuite_Account_cxx_6533e0ef" time="0.000"/>
      <testcase name="TestSuite_Account_cxx_6533e0ef::test_deposit_5" classname="ATM/tests/autogenerated/ATM.TestSuite_Account_cxx_6533e0ef" time="0.000"/>
      <testcase name="TestSuite_Account_cxx_6533e0ef::test_deposit_6" classname="ATM/tests/autogenerated/ATM.TestSuite_Account_cxx_6533e0ef" time="0.001"/>
      <testcase name="TestSuite_Account_cxx_6533e0ef::test_deposit_7" classname="ATM/tests/autogenerated/ATM.TestSuite_Account_cxx_6533e0ef" time="0.000"/>
      <testcase name="TestSuite_Account_cxx_6533e0ef::test_deposit_8" classname="ATM/tests/autogenerated/ATM.TestSuite_Account_cxx_6533e0ef" time="0.000"/>
      <testcase name="TestSuite_Account_cxx_6533e0ef::test_deposit_9" classname="ATM/tests/autogenerated/ATM.TestSuite_Account_cxx_6533e0ef" time="0.000"/>
      <testcase name="TestSuite_ATM_cxx_53ebf82b::test_ATM_1" classname="ATM/tests/autogenerated/ATM.TestSuite_ATM_cxx_53ebf82b" time="0.001"/>
      <testcase name="TestSuite_ATM_cxx_53ebf82b::test_ATM_2" classname="ATM/tests/autogenerated/ATM.TestSuite_ATM_cxx_53ebf82b" time="0.000"/>
      <testcase name="TestSuite_ATM_cxx_53ebf82b::test_ATM_3" classname="ATM/tests/autogenerated/ATM.TestSuite_ATM_cxx_53ebf82b" time="0.000"/>
      <testcase name="TestSuite_ATM_cxx_53ebf82b::test_ATM_4" classname="ATM/tests/autogenerated/ATM.TestSuite_ATM_cxx_53ebf82b" time="0.001"/>
      <testcase name="TestSuite_ATM_cxx_53ebf82b::test_fillUserRequest_1" classname="ATM/tests/autogenerated/ATM.TestSuite_ATM_cxx_53ebf82b" time="0.000"/>
      <testcase name="TestSuite_ATM_cxx_53ebf82b::test_fillUserRequest_10" classname="ATM/tests/autogenerated/ATM.TestSuite_ATM_cxx_53ebf82b" time="0.000"/>
      <testcase name="TestSuite_ATM_cxx_53ebf82b::test_fillUserRequest_2" classname="ATM/tests/autogenerated/ATM.TestSuite_ATM_cxx_53ebf82b" time="0.000"/>
      <testcase name="TestSuite_ATM_cxx_53ebf82b::test_fillUserRequest_3" classname="ATM/tests/autogenerated/ATM.TestSuite_ATM_cxx_53ebf82b" time="0.000">
         <failure type="Failure">
	Access violation exception [CPPTEST_ACCESS_VIOLATION]
	at /ATM/ATM/ATM.cxx:49
	at /ATM/ATM/ATM.cxx:28
	at /ATM/tests/autogenerated/ATM/TestSuite_ATM_cxx.cpp:279
	at /ATM/tests/autogenerated/ATM/TestSuite_ATM_cxx.cpp:21
	at /ATM/tests/autogenerated/ATM/TestSuite_ATM_cxx.cpp:12</failure>
      </testcase>
      <testcase name="TestSuite_ATM_cxx_53ebf82b::test_fillUserRequest_4" classname="ATM/tests/autogenerated/ATM.TestSuite_ATM_cxx_53ebf82b" time="0.000">
         <failure type="Failure">
	Access violation exception [CPPTEST_ACCESS_VIOLATION]
	at /ATM/ATM/ATM.cxx:42
	at /ATM/ATM/ATM.cxx:26
	at /ATM/tests/autogenerated/ATM/TestSuite_ATM_cxx.cpp:305
	at /ATM/tests/autogenerated/ATM/TestSuite_ATM_cxx.cpp:22
	at /ATM/tests/autogenerated/ATM/TestSuite_ATM_cxx.cpp:12</failure>
      </testcase>
      <testcase name="TestSuite_ATM_cxx_53ebf82b::test_fillUserRequest_5" classname="ATM/tests/autogenerated/ATM.TestSuite_ATM_cxx_53ebf82b" time="0.001">
         <failure type="Failure">
	Access violation exception [CPPTEST_ACCESS_VIOLATION]
	at /ATM/ATM/ATM.cxx:35
	at /ATM/ATM/ATM.cxx:24
	at /ATM/tests/autogenerated/ATM/TestSuite_ATM_cxx.cpp:331
	at /ATM/tests/autogenerated/ATM/TestSuite_ATM_cxx.cpp:23
	at /ATM/tests/autogenerated/ATM/TestSuite_ATM_cxx.cpp:12</failure>
      </testcase>
      <testcase name="TestSuite_ATM_cxx_53ebf82b::test_fillUserRequest_6" classname="ATM/tests/autogenerated/ATM.TestSuite_ATM_cxx_53ebf82b" time="0.000"/>
      <testcase name="TestSuite_ATM_cxx_53ebf82b::test_fillUserRequest_7" classname="ATM/tests/autogenerated/ATM.TestSuite_ATM_cxx_53ebf82b" time="0.000">
         <failure type="Failure">
	Access violation exception [CPPTEST_ACCESS_VIOLATION]
	at /ATM/ATM/ATM.cxx:49
	at /ATM/ATM/ATM.cxx:28
	at /ATM/tests/autogenerated/ATM/TestSuite_ATM_cxx.cpp:383
	at /ATM/tests/autogenerated/ATM/TestSuite_ATM_cxx.cpp:25
	at /ATM/tests/autogenerated/ATM/TestSuite_ATM_cxx.cpp:12</failure>
      </testcase>
      <testcase name="TestSuite_ATM_cxx_53ebf82b::test_fillUserRequest_8" classname="ATM/tests/autogenerated/ATM.TestSuite_ATM_cxx_53ebf82b" time="0.000">
         <failure type="Failure">
	Access violation exception [CPPTEST_ACCESS_VIOLATION]
	at /ATM/ATM/ATM.cxx:42
	at /ATM/ATM/ATM.cxx:26
	at /ATM/tests/autogenerated/ATM/TestSuite_ATM_cxx.cpp:409
	at /ATM/tests/autogenerated/ATM/TestSuite_ATM_cxx.cpp:26
	at /ATM/tests/autogenerated/ATM/TestSuite_ATM_cxx.cpp:12</failure>
      </testcase>
      <testcase name="TestSuite_ATM_cxx_53ebf82b::test_fillUserRequest_9" classname="ATM/tests/autogenerated/ATM.TestSuite_ATM_cxx_53ebf82b" time="0.001"/>
      <testcase name="TestSuite_ATM_cxx_53ebf82b::test_viewAccount_1" classname="ATM/tests/autogenerated/ATM.TestSuite_ATM_cxx_53ebf82b" time="0.000">
         <failure type="Failure">
	Access violation exception [CPPTEST_ACCESS_VIOLATION]
	at /ATM/ATM/Bank.cxx:18
	at /ATM/ATM/ATM.cxx:12
	at /ATM/tests/autogenerated/ATM/TestSuite_ATM_cxx.cpp:460
	at /ATM/tests/autogenerated/ATM/TestSuite_ATM_cxx.cpp:28
	at /ATM/tests/autogenerated/ATM/TestSuite_ATM_cxx.cpp:12</failure>
      </testcase>
      <testcase name="TestSuite_ATM_cxx_53ebf82b::test_viewAccount_10" classname="ATM/tests/autogenerated/ATM.TestSuite_ATM_cxx_53ebf82b" time="0.000"/>
      <testcase name="TestSuite_ATM_cxx_53ebf82b::test_viewAccount_2" classname="ATM/tests/autogenerated/ATM.TestSuite_ATM_cxx_53ebf82b" time="0.000">
         <failure type="Failure">
	Access violation exception [CPPTEST_ACCESS_VIOLATION]
	at /ATM/ATM/ATM.cxx:14
	at /ATM/tests/autogenerated/ATM/TestSuite_ATM_cxx.cpp:513
	at /ATM/tests/autogenerated/ATM/TestSuite_ATM_cxx.cpp:30
	at /ATM/tests/autogenerated/ATM/TestSuite_ATM_cxx.cpp:12</failure>
      </testcase>
      <testcase name="TestSuite_ATM_cxx_53ebf82b::test_viewAccount_3" classname="ATM/tests/autogenerated/ATM.TestSuite_ATM_cxx_53ebf82b" time="0.000">
         <failure type="Failure">
	Access violation exception [CPPTEST_ACCESS_VIOLATION]
	at /ATM/ATM/ATM.cxx:14
	at /ATM/tests/autogenerated/ATM/TestSuite_ATM_cxx.cpp:539
	at /ATM/tests/autogenerated/ATM/TestSuite_ATM_cxx.cpp:31
	at /ATM/tests/autogenerated/ATM/TestSuite_ATM_cxx.cpp:12</failure>
      </testcase>
      <testcase name="TestSuite_ATM_cxx_53ebf82b::test_viewAccount_4" classname="ATM/tests/autogenerated/ATM.TestSuite_ATM_cxx_53ebf82b" time="0.000">
         <failure type="Failure">
	Access violation exception [CPPTEST_ACCESS_VIOLATION]
	at /ATM/ATM/ATM.cxx:14
	at /ATM/tests/autogenerated/ATM/TestSuite_ATM_cxx.cpp:565
	at /ATM/tests/autogenerated/ATM/TestSuite_ATM_cxx.cpp:32
	at /ATM/tests/autogenerated/ATM/TestSuite_ATM_cxx.cpp:12</failure>
      </testcase>
      <testcase name="TestSuite_ATM_cxx_53ebf82b::test_viewAccount_5" classname="ATM/tests/autogenerated/ATM.TestSuite_ATM_cxx_53ebf82b" time="0.001">
         <failure type="Failure">
	Access violation exception [CPPTEST_ACCESS_VIOLATION]
	at /ATM/ATM/Bank.cxx:18
	at /ATM/ATM/ATM.cxx:12
	at /ATM/tests/autogenerated/ATM/TestSuite_ATM_cxx.cpp:591
	at /ATM/tests/autogenerated/ATM/TestSuite_ATM_cxx.cpp:33
	at /ATM/tests/autogenerated/ATM/TestSuite_ATM_cxx.cpp:12</failure>
      </testcase>
      <testcase name="TestSuite_ATM_cxx_53ebf82b::test_viewAccount_6" classname="ATM/tests/autogenerated/ATM.TestSuite_ATM_cxx_53ebf82b" time="0.000"/>
      <testcase name="TestSuite_ATM_cxx_53ebf82b::test_viewAccount_7" classname="ATM/tests/autogenerated/ATM.TestSuite_ATM_cxx_53ebf82b" time="0.000">
         <failure type="Failure">
	Access violation exception [CPPTEST_ACCESS_VIOLATION]
	at /ATM/ATM/Bank.cxx:18
	at /ATM/ATM/ATM.cxx:12
	at /ATM/tests/autogenerated/ATM/TestSuite_ATM_cxx.cpp:643
	at /ATM/tests/autogenerated/ATM/TestSuite_ATM_cxx.cpp:35
	at /ATM/tests/autogenerated/ATM/TestSuite_ATM_cxx.cpp:12</failure>
      </testcase>
      <testcase name="TestSuite_ATM_cxx_53ebf82b::test_viewAccount_8" classname="ATM/tests/autogenerated/ATM.TestSuite_ATM_cxx_53ebf82b" time="0.000">
         <failure type="Failure">
	Access violation exception [CPPTEST_ACCESS_VIOLATION]
	at /ATM/ATM/ATM.cxx:14
	at /ATM/tests/autogenerated/ATM/TestSuite_ATM_cxx.cpp:669
	at /ATM/tests/autogenerated/ATM/TestSuite_ATM_cxx.cpp:36
	at /ATM/tests/autogenerated/ATM/TestSuite_ATM_cxx.cpp:12</failure>
      </testcase>
      <testcase name="TestSuite_ATM_cxx_53ebf82b::test_viewAccount_9" classname="ATM/tests/autogenerated/ATM.TestSuite_ATM_cxx_53ebf82b" time="0.000">
         <failure type="Failure">
	Access violation exception [CPPTEST_ACCESS_VIOLATION]
	at /ATM/ATM/Bank.cxx:18
	at /ATM/ATM/ATM.cxx:12
	at /ATM/tests/autogenerated/ATM/TestSuite_ATM_cxx.cpp:695
	at /ATM/tests/autogenerated/ATM/TestSuite_ATM_cxx.cpp:37
	at /ATM/tests/autogenerated/ATM/TestSuite_ATM_cxx.cpp:12</failure>
      </testcase>
      <testcase name="TestSuite_Bank_cxx_9e6193e4::test_addAccount_1" classname="ATM/tests/autogenerated/ATM.TestSuite_Bank_cxx_9e6193e4" time="0.001"/>
      <testcase name="TestSuite_Bank_cxx_9e6193e4::test_Bank_1" classname="ATM/tests/autogenerated/ATM.TestSuite_Bank_cxx_9e6193e4" time="0.000"/>
      <testcase name="TestSuite_Bank_cxx_9e6193e4::test_getAccount_1" classname="ATM/tests/autogenerated/ATM.TestSuite_Bank_cxx_9e6193e4" time="0.000"/>
      <testcase name="TestSuite_Bank_cxx_9e6193e4::test_getAccount_10" classname="ATM/tests/autogenerated/ATM.TestSuite_Bank_cxx_9e6193e4" time="0.000"/>
      <testcase name="TestSuite_Bank_cxx_9e6193e4::test_getAccount_2" classname="ATM/tests/autogenerated/ATM.TestSuite_Bank_cxx_9e6193e4" time="0.000"/>
      <testcase name="TestSuite_Bank_cxx_9e6193e4::test_getAccount_3" classname="ATM/tests/autogenerated/ATM.TestSuite_Bank_cxx_9e6193e4" time="0.000"/>
      <testcase name="TestSuite_Bank_cxx_9e6193e4::test_getAccount_4" classname="ATM/tests/autogenerated/ATM.TestSuite_Bank_cxx_9e6193e4" time="0.000"/>
      <testcase name="TestSuite_Bank_cxx_9e6193e4::test_getAccount_5" classname="ATM/tests/autogenerated/ATM.TestSuite_Bank_cxx_9e6193e4" time="0.000"/>
      <testcase name="TestSuite_Bank_cxx_9e6193e4::test_getAccount_6" classname="ATM/tests/autogenerated/ATM.TestSuite_Bank_cxx_9e6193e4" time="0.000"/>
      <testcase name="TestSuite_Bank_cxx_9e6193e4::test_getAccount_7" classname="ATM/tests/autogenerated/ATM.TestSuite_Bank_cxx_9e6193e4" time="0.001"/>
      <testcase name="TestSuite_Bank_cxx_9e6193e4::test_getAccount_8" classname="ATM/tests/autogenerated/ATM.TestSuite_Bank_cxx_9e6193e4" time="0.000"/>
      <testcase name="TestSuite_Bank_cxx_9e6193e4::test_getAccount_9" classname="ATM/tests/autogenerated/ATM.TestSuite_Bank_cxx_9e6193e4" time="0.000"/>
      <testcase name="TestSuite_Bank_cxx_9e6193e4::test_x7eBank_1" classname="ATM/tests/autogenerated/ATM.TestSuite_Bank_cxx_9e6193e4" time="0.000"/>
      <testcase name="TestSuite_BaseDisplay_cxx_91d8edd3::test_showBalance_1" classname="ATM/tests/autogenerated/ATM.TestSuite_BaseDisplay_cxx_91d8edd3" time="0.000"/>
      <testcase name="TestSuite_BaseDisplay_cxx_91d8edd3::test_showBalance_2" classname="ATM/tests/autogenerated/ATM.TestSuite_BaseDisplay_cxx_91d8edd3" time="0.000"/>
      <testcase name="TestSuite_BaseDisplay_cxx_91d8edd3::test_showBalance_3" classname="ATM/tests/autogenerated/ATM.TestSuite_BaseDisplay_cxx_91d8edd3" time="0.000"/>
      <testcase name="TestSuite_BaseDisplay_cxx_91d8edd3::test_showBalance_4" classname="ATM/tests/autogenerated/ATM.TestSuite_BaseDisplay_cxx_91d8edd3" time="0.000"/>
      <testcase name="TestSuite_BaseDisplay_cxx_91d8edd3::test_showBalance_5" classname="ATM/tests/autogenerated/ATM.TestSuite_BaseDisplay_cxx_91d8edd3" time="0.000"/>
      <testcase name="TestSuite_BaseDisplay_cxx_91d8edd3::test_showBalance_6" classname="ATM/tests/autogenerated/ATM.TestSuite_BaseDisplay_cxx_91d8edd3" time="0.001"/>
      <testcase name="TestSuite_BaseDisplay_cxx_91d8edd3::test_showBalance_7" classname="ATM/tests/autogenerated/ATM.TestSuite_BaseDisplay_cxx_91d8edd3" time="0.000"/>
      <testcase name="TestSuite_BaseDisplay_cxx_91d8edd3::test_showInfoToUser_1" classname="ATM/tests/autogenerated/ATM.TestSuite_BaseDisplay_cxx_91d8edd3" time="0.000"/>
      <testcase name="TestSuite_BaseDisplay_cxx_91d8edd3::test_showInfoToUser_2" classname="ATM/tests/autogenerated/ATM.TestSuite_BaseDisplay_cxx_91d8edd3" time="0.000"/>
      <testcase name="TestSuite_BaseDisplay_cxx_91d8edd3::test_showInfoToUser_3" classname="ATM/tests/autogenerated/ATM.TestSuite_BaseDisplay_cxx_91d8edd3" time="0.000"/>
      <testcase name="TestSuite_BaseDisplay_cxx_91d8edd3::test_showInfoToUser_4" classname="ATM/tests/autogenerated/ATM.TestSuite_BaseDisplay_cxx_91d8edd3" time="0.000"/>
      <system-out/>
      <system-err/>
   </testsuite>
</testsuites>