<?xml version="1.0" encoding="UTF-8"?><coverage line-rate="0.6363636363636364" lines-covered="28" lines-valid="44" version="Jtest 2023.1.0"><packages><package name="&lt;default&gt;" line-rate="1"><classes><class filename="src/main/java/Calculator.java" name="Calculator" line-rate="1"><lines><line number="3" hits="2" hash="707665141"/><line number="5" hits="2" hash="-2008629378"/><line number="7" hits="1" hash="1928371266"/><line number="8" hits="1" hash="1284531579"/><line number="9" hits="1" hash="363132110"/><line number="14" hits="1" hash="-679419333"/></lines></class><class filename="src/main/java/Calculator.java" name="Calculator#Screen" line-rate="1"><lines><line number="20" hits="2" hash="1528369737"/><line number="21" hits="2" hash="320737896"/><line number="22" hits="2" hash="1508372605"/><line number="25" hits="1" hash="-1397641892"/><line number="26" hits="1" hash="1508372605"/></lines></class><class filename="src/main/java/Calculator.java" name="Calculator#Screen#Brightness" line-rate="1"><lines><line number="28" hits="3" hash="-619022508"/><line number="29" hits="1" hash="-1760446347"/></lines></class></classes></package><package name="com.parasoft" line-rate="0.6666666666666666"><classes><class filename="src/main/java/com/parasoft/Convertor.java" name="com.parasoft.Convertor" line-rate="0.666666666666666667"><lines><line number="5" hits="3" hash="-1890058929"/><line number="7" hits="3" hash="380198143"/><line number="12" hits="0" hash="-31285632"/></lines></class></classes></package><package name="com.parasoft.another" line-rate="1"><classes><class filename="src/main/java/com/parasoft/another/Convertor.java" name="com.parasoft.another.Convertor" line-rate="1"><lines><line number="5" hits="2" hash="-1890058929"/><line number="7" hits="1" hash="936757658"/><line number="12" hits="1" hash="-31285632"/></lines></class></classes></package><package name="com.parasoft.differentViolations" line-rate="0"><classes><class filename="src/main/java/com/parasoft/differentViolations/GenerateViolations.java" name="com.parasoft.differentViolations.GenerateViolations" line-rate="0"><lines><line number="4" hits="0" hash="-334993219"/><line number="8" hits="0" hash="-723063895"/><line number="9" hits="0" hash="344278090"/><line number="10" hits="0" hash="344278090"/><line number="11" hits="0" hash="344278090"/><line number="12" hits="0" hash="344278090"/><line number="13" hits="0" hash="344278090"/><line number="14" hits="0" hash="30537853"/></lines></class></classes></package><package name="com.parasoft.nested" line-rate="0.5882352941176471"><classes><class filename="src/main/java/com/parasoft/nested/PhoneFactory.java" name="com.parasoft.nested.PhoneFactory" line-rate="0.5"><lines><line number="6" hits="0" hash="-784183754"/><line number="9" hits="1" hash="-528728787"/></lines></class><class filename="src/main/java/com/parasoft/nested/PhoneFactory.java" name="com.parasoft.nested.PhoneFactory#Phone" line-rate="0.538461538461538462"><lines><line number="24" hits="0" hash="-771458445"/><line number="25" hits="0" hash="-1307574176"/><line number="26" hits="0" hash="1345644102"/><line number="27" hits="0" hash="1508372605"/><line number="29" hits="1" hash="-20822861"/><line number="30" hits="1" hash="32660008"/><line number="31" hits="1" hash="786480288"/><line number="32" hits="1" hash="1508372605"/><line number="35" hits="0" hash="399150515"/><line number="36" hits="0" hash="1508372605"/><line number="39" hits="1" hash="2013206282"/><line number="43" hits="1" hash="-823419872"/><line number="47" hits="1" hash="-84409724"/></lines></class><class filename="src/main/java/com/parasoft/nested/PhoneFactory.java" name="com.parasoft.nested.PhoneFactory#Brand" line-rate="1"><lines><line number="12" hits="3" hash="-1345140166"/><line number="13" hits="1" hash="1992071219"/></lines></class></classes></package></packages></coverage>